SPY
SPY 0
XLG
XLG 1
CSZA.AS
Series is too short
ISQU.BE
Series is too short
MOM.A
Series is too short
C076.BE
Series is too short
IUCB.L
IUCB.L 6
RIE-U.TO
Series is missing recent data
XBB.TO
XBB.TO 8
100910.KS
100910.KS 9
SMIN.A
Series is too short
O-A.TO
Series is too short
TWND.L
TWND.L 12
IWDA.L
IWDA.L 13
ETF data file created.
SPY
SPY 0
XLG
XLG 1
CSZA.AS
Series is too short
ISQU.BE
Series is too short
MOM.A
Series is too short
C076.BE
Series is too short
IUCB.L
IUCB.L 6
RIE-U.TO
Series is missing recent data
XBB.TO
XBB.TO 8
100910.KS
100910.KS 9
SMIN.A
Series is too short
O-A.TO
Series is too short
TWND.L
TWND.L 12
IWDA.L
IWDA.L 13
ETF data file created.
SPY
SPY 0
XLG
XLG 1
CSZA.AS
Series is too short
ISQU.BE
Series is too short
MOM.A
Series is too short
C076.BE
Series is too short
IUCB.L
IUCB.L 6
RIE-U.TO
Series is missing recent data
XBB.TO
XBB.TO 8
100910.KS
100910.KS 9
SMIN.A
Series is too short
O-A.TO
Series is too short
TWND.L
TWND.L 12
IWDA.L
IWDA.L 13
ETF data file created.
SPY
SPY 0
XLG
XLG 1
CSZA.AS
Series is too short
ISQU.BE
Series is too short
MOM.A
Series is too short
C076.BE
Series is too short
IUCB.L
IUCB.L 6
RIE-U.TO
Series is missing recent data
XBB.TO
XBB.TO 8
100910.KS
100910.KS 9
SMIN.A
Series is too short
O-A.TO
Series is too short
TWND.L
TWND.L 12
IWDA.L
IWDA.L 13
ETF data file created.
SPY
SPY 0
XLG
XLG 1
CSZA.AS
Series is too short
ISQU.BE
Series is too short
MOM.A
Series is too short
C076.BE
Series is too short
IUCB.L
IUCB.L 6
RIE-U.TO
Series is missing recent data
XBB.TO
XBB.TO 8
100910.KS
100910.KS 9
SMIN.A
Series is too short
O-A.TO
Series is too short
TWND.L
TWND.L 12
IWDA.L
IWDA.L 13
ETF data file created.
SPY
SPY 0
XLG
XLG 1
CSZA.AS
Series is too short
ISQU.BE
Series is too short
MOM.A
Series is too short
C076.BE
Series is too short
IUCB.L
IUCB.L 6
RIE-U.TO
Series is missing recent data
XBB.TO
XBB.TO 8
100910.KS
100910.KS 9
SMIN.A
Series is too short
O-A.TO
Series is too short
TWND.L
TWND.L 12
IWDA.L
IWDA.L 13
00642U.TW
00642U.TW 14
M9SH.BE
Series is too short
KBA.A
Series is too short
XUTD.SG
Series is too short
36BA.MU
Series is too short
EUNI.F
EUNI.F 19
83100.HK
Series is too short
ROAM
ROAM 21
SLY.A
Series is too short
DBX6.HM
Series is too short
EEX5.L
Series is too short
24501376.IR
Series is too short
IGLN.L
IGLN.L 26
XDAX.ST
Series is missing recent data
XRSS.L
XRSS.L 28
ETLN.HM
Series is too short
0DFW.BE
Series is too short
IGSG.NX
Series is too short
FS5.BE
Series is too short
SC0G.DE
Series is missing recent data
DCNG.A
Series is too short
EWAS
Series is missing recent data
IQQV.HM
Series is too short
03OL.BE
Series is too short
DBX9.BE
Series is too short
FM.A
Series is too short
LYYB.DE
Series is too short
DXS5.SG
Series is too short
SRS.MX
Series has corrupted data
^VGOV
Series is too short
IYW
IYW 44
TIPS.AS
Series is missing recent data
CSIA.NX
Series is too short
XMKA.SG
Series is too short
LYKRW.SW
Series is too short
FLOT.NX
Series is too short
IEFS.L
IEFS.L 50
SVXY
Series has corrupted data
PTB.TO
PTB.TO 52
XMHB.F
Series is missing recent data
INY
Series is missing recent data
OEUR
OEUR 55
UTIW.MI
Series is too short
JPHG.L
JPHG.L 57
EUN3.F
EUN3.F 58
ISAM.AS
Series is missing recent data
60PC.L
60PC.L 60
EL4F.DE
EL4F.DE 61
C053.SG
Series is missing recent data
SPYI.SG
Series is too short
LYMEH.SW
Series is too short
25524842.IR
Series is too short
EXSE.DE
EXSE.DE 66
GOVT.A
Series is too short
EXS1.F
EXS1.F 68
ZPDH.F
ZPDH.F 69
KWT.A
Series is too short
EL4D.BE
Series is too short
EMRD.L
EMRD.L 72
PWB
PWB 73
IUSY.MU
IUSY.MU 74
CBQ.TO
Series is missing recent data
XMEY.L
Series is missing recent data
US10.NX
Series is too short
^CDC
Series is too short
86881.L
Series is too short
3291273.SW
Series is too short
X014.DE
Series is too short
29088716.IR
Series is too short
DU13.DE
Series is missing recent data
18M0.SG
Series is too short
MLPC.A
Series is too short
ABE
Series is too short
UIMD.F
UIMD.F 87
SXR3.SG
Series is too short
DBZD.SG
Series is too short
GREK
GREK 90
SWEO_US38.ST
Series is too short
IVE.MX
Series has corrupted data
PYF.TO
PYF.TO 93
PSCT
PSCT 94
0DFQ.BE
Series is too short
0BYQ.MU
Series is missing recent data
X95581.TI
Series is too short
ETF data file created.
SPY
SPY 0
XLG
XLG 1
CSZA.AS
Series is too short
ISQU.BE
Series is too short
MOM.A
Series is too short
C076.BE
Series is too short
IUCB.L
IUCB.L 6
RIE-U.TO
Series is missing recent data
XBB.TO
XBB.TO 8
100910.KS
100910.KS 9
SMIN.A
Series is too short
O-A.TO
Series is too short
TWND.L
TWND.L 12
IWDA.L
IWDA.L 13
00642U.TW
00642U.TW 14
M9SH.BE
Series is too short
KBA.A
Series is too short
XUTD.SG
Series is too short
36BA.MU
Series is too short
EUNI.F
EUNI.F 19
83100.HK
Series is too short
ROAM
ROAM 21
SLY.A
Series is too short
DBX6.HM
Series is too short
EEX5.L
Series is too short
24501376.IR
Series is too short
IGLN.L
IGLN.L 26
XDAX.ST
Series is missing recent data
XRSS.L
XRSS.L 28
ETLN.HM
Series is too short
0DFW.BE
Series is too short
IGSG.NX
Series is too short
FS5.BE
Series is too short
SC0G.DE
Series is missing recent data
DCNG.A
Series is too short
EWAS
Series is missing recent data
IQQV.HM
Series is too short
03OL.BE
Series is too short
DBX9.BE
Series is too short
FM.A
Series is too short
LYYB.DE
Series is too short
DXS5.SG
Series is too short
SRS.MX
Series has corrupted data
^VGOV
Series is too short
IYW
IYW 44
TIPS.AS
Series is missing recent data
CSIA.NX
Series is too short
XMKA.SG
Series is too short
LYKRW.SW
Series is too short
FLOT.NX
Series is too short
IEFS.L
IEFS.L 50
SVXY
Series has corrupted data
PTB.TO
PTB.TO 52
XMHB.F
Series is missing recent data
INY
Series is missing recent data
OEUR
OEUR 55
UTIW.MI
Series is too short
JPHG.L
JPHG.L 57
EUN3.F
EUN3.F 58
ISAM.AS
Series is missing recent data
60PC.L
60PC.L 60
EL4F.DE
EL4F.DE 61
C053.SG
Series is missing recent data
SPYI.SG
Series is too short
LYMEH.SW
Series is too short
25524842.IR
Series is too short
EXSE.DE
EXSE.DE 66
GOVT.A
Series is too short
EXS1.F
EXS1.F 68
ZPDH.F
ZPDH.F 69
KWT.A
Series is too short
EL4D.BE
Series is too short
EMRD.L
EMRD.L 72
PWB
PWB 73
IUSY.MU
IUSY.MU 74
CBQ.TO
Series is missing recent data
XMEY.L
Series is missing recent data
US10.NX
Series is too short
^CDC
Series is too short
86881.L
Series is too short
3291273.SW
Series is too short
X014.DE
Series is too short
29088716.IR
Series is too short
DU13.DE
Series is missing recent data
18M0.SG
Series is too short
MLPC.A
Series is too short
ABE
Series is too short
UIMD.F
UIMD.F 87
SXR3.SG
Series is too short
DBZD.SG
Series is too short
GREK
GREK 90
SWEO_US38.ST
Series is too short
IVE.MX
Series has corrupted data
PYF.TO
PYF.TO 93
PSCT
PSCT 94
0DFQ.BE
Series is too short
0BYQ.MU
Series is missing recent data
X95581.TI
Series is too short
ETF data file created.
SPY
SPY 0
XLG
XLG 1
CSZA.AS
Series is too short
ISQU.BE
Series is too short
MOM.A
Series is too short
C076.BE
Series is too short
IUCB.L
IUCB.L 6
RIE-U.TO
Series is missing recent data
XBB.TO
XBB.TO 8
100910.KS
100910.KS 9
SMIN.A
Series is too short
O-A.TO
Series is too short
TWND.L
TWND.L 12
IWDA.L
IWDA.L 13
00642U.TW
00642U.TW 14
M9SH.BE
Series is too short
KBA.A
Series is too short
XUTD.SG
Series is too short
36BA.MU
Series is too short
EUNI.F
EUNI.F 19
83100.HK
Series is too short
ROAM
ROAM 21
SLY.A
Series is too short
DBX6.HM
Series is too short
EEX5.L
Series is too short
24501376.IR
Series is too short
IGLN.L
IGLN.L 26
XDAX.ST
Series is missing recent data
XRSS.L
XRSS.L 28
ETLN.HM
Series is too short
0DFW.BE
Series is too short
IGSG.NX
Series is too short
FS5.BE
Series is too short
SC0G.DE
Series is missing recent data
DCNG.A
Series is too short
EWAS
Series is missing recent data
IQQV.HM
Series is too short
03OL.BE
Series is too short
DBX9.BE
Series is too short
FM.A
Series is too short
LYYB.DE
Series is too short
DXS5.SG
Series is too short
SRS.MX
Series has corrupted data
^VGOV
Series is too short
IYW
IYW 44
TIPS.AS
Series is missing recent data
CSIA.NX
Series is too short
XMKA.SG
Series is too short
LYKRW.SW
Series is too short
FLOT.NX
Series is too short
IEFS.L
IEFS.L 50
SVXY
Series has corrupted data
PTB.TO
PTB.TO 52
XMHB.F
Series is missing recent data
INY
Series is missing recent data
OEUR
OEUR 55
UTIW.MI
Series is too short
JPHG.L
JPHG.L 57
EUN3.F
EUN3.F 58
ISAM.AS
Series is missing recent data
60PC.L
60PC.L 60
EL4F.DE
EL4F.DE 61
C053.SG
Series is missing recent data
SPYI.SG
Series is too short
LYMEH.SW
Series is too short
25524842.IR
Series is too short
EXSE.DE
EXSE.DE 66
GOVT.A
Series is too short
EXS1.F
EXS1.F 68
ZPDH.F
ZPDH.F 69
KWT.A
Series is too short
EL4D.BE
Series is too short
EMRD.L
EMRD.L 72
PWB
PWB 73
IUSY.MU
IUSY.MU 74
CBQ.TO
Series is missing recent data
XMEY.L
Series is missing recent data
US10.NX
Series is too short
^CDC
Series is too short
86881.L
Series is too short
3291273.SW
Series is too short
X014.DE
Series is too short
29088716.IR
Series is too short
DU13.DE
Series is missing recent data
18M0.SG
Series is too short
MLPC.A
Series is too short
ABE
Series is too short
UIMD.F
UIMD.F 87
SXR3.SG
Series is too short
DBZD.SG
Series is too short
GREK
GREK 90
SWEO_US38.ST
Series is too short
IVE.MX
Series has corrupted data
PYF.TO
PYF.TO 93
PSCT
PSCT 94
0DFQ.BE
Series is too short
0BYQ.MU
Series is missing recent data
X95581.TI
Series is too short
ETF data file created.
SPY
SPY 0
XLG
XLG 1
CSZA.AS
Series is too short
ISQU.BE
Series is too short
MOM.A
Series is too short
C076.BE
Series is too short
IUCB.L
IUCB.L 6
RIE-U.TO
Series is missing recent data
XBB.TO
XBB.TO 8
100910.KS
100910.KS 9
SMIN.A
Series is too short
O-A.TO
Series is too short
TWND.L
TWND.L 12
IWDA.L
IWDA.L 13
00642U.TW
00642U.TW 14
M9SH.BE
Series is too short
KBA.A
Series is too short
XUTD.SG
Series is too short
36BA.MU
Series is too short
EUNI.F
EUNI.F 19
83100.HK
Series is too short
ROAM
ROAM 21
SLY.A
Series is too short
DBX6.HM
Series is too short
EEX5.L
Series is too short
24501376.IR
Series is too short
IGLN.L
IGLN.L 26
XDAX.ST
Series is missing recent data
XRSS.L
XRSS.L 28
ETLN.HM
Series is too short
0DFW.BE
Series is too short
IGSG.NX
Series is too short
FS5.BE
Series is too short
SC0G.DE
Series is missing recent data
DCNG.A
Series is too short
EWAS
Series is missing recent data
IQQV.HM
Series is too short
03OL.BE
Series is too short
DBX9.BE
Series is too short
FM.A
Series is too short
LYYB.DE
Series is too short
DXS5.SG
Series is too short
SRS.MX
Series has corrupted data
^VGOV
Series is too short
IYW
IYW 44
TIPS.AS
Series is missing recent data
CSIA.NX
Series is too short
XMKA.SG
Series is too short
LYKRW.SW
Series is too short
FLOT.NX
Series is too short
IEFS.L
IEFS.L 50
SVXY
Series has corrupted data
PTB.TO
PTB.TO 52
XMHB.F
Series is missing recent data
INY
Series is missing recent data
OEUR
OEUR 55
UTIW.MI
Series is too short
JPHG.L
JPHG.L 57
EUN3.F
EUN3.F 58
ISAM.AS
Series is missing recent data
60PC.L
60PC.L 60
EL4F.DE
EL4F.DE 61
C053.SG
Series is missing recent data
SPYI.SG
Series is too short
LYMEH.SW
Series is too short
25524842.IR
Series is too short
EXSE.DE
EXSE.DE 66
GOVT.A
Series is too short
EXS1.F
EXS1.F 68
ZPDH.F
ZPDH.F 69
KWT.A
Series is too short
EL4D.BE
Series is too short
EMRD.L
EMRD.L 72
PWB
PWB 73
IUSY.MU
IUSY.MU 74
CBQ.TO
Series is missing recent data
XMEY.L
Series is missing recent data
US10.NX
Series is too short
^CDC
Series is too short
86881.L
Series is too short
3291273.SW
Series is too short
X014.DE
Series is too short
29088716.IR
Series is too short
DU13.DE
Series is missing recent data
18M0.SG
Series is too short
MLPC.A
Series is too short
ABE
Series is too short
UIMD.F
UIMD.F 87
SXR3.SG
Series is too short
DBZD.SG
Series is too short
GREK
GREK 90
SWEO_US38.ST
Series is too short
IVE.MX
Series has corrupted data
PYF.TO
PYF.TO 93
PSCT
PSCT 94
0DFQ.BE
Series is too short
0BYQ.MU
Series is missing recent data
X95581.TI
Series is too short
ETF data file created.
SPY
SPY 0
XLG
XLG 1
CSZA.AS
Series is too short
ISQU.BE
Series is too short
MOM.A
Series is too short
C076.BE
Series is too short
IUCB.L
IUCB.L 6
RIE-U.TO
Series is missing recent data
XBB.TO
XBB.TO 8
100910.KS
100910.KS 9
SMIN.A
Series is too short
O-A.TO
Series is too short
TWND.L
TWND.L 12
IWDA.L
IWDA.L 13
00642U.TW
00642U.TW 14
M9SH.BE
Series is too short
KBA.A
Series is too short
XUTD.SG
Series is too short
36BA.MU
Series is too short
EUNI.F
EUNI.F 19
83100.HK
Series is too short
ROAM
ROAM 21
SLY.A
Series is too short
DBX6.HM
Series is too short
EEX5.L
Series is too short
24501376.IR
Series is too short
IGLN.L
IGLN.L 26
XDAX.ST
Series is missing recent data
XRSS.L
XRSS.L 28
ETLN.HM
Series is too short
0DFW.BE
Series is too short
IGSG.NX
Series is too short
FS5.BE
Series is too short
SC0G.DE
Series is missing recent data
DCNG.A
Series is too short
EWAS
Series is missing recent data
IQQV.HM
Series is too short
03OL.BE
Series is too short
DBX9.BE
Series is too short
FM.A
Series is too short
LYYB.DE
Series is too short
DXS5.SG
Series is too short
SRS.MX
Series has corrupted data
^VGOV
Series is too short
IYW
IYW 44
TIPS.AS
Series is missing recent data
CSIA.NX
Series is too short
XMKA.SG
Series is too short
LYKRW.SW
Series is too short
FLOT.NX
Series is too short
IEFS.L
IEFS.L 50
SVXY
Series has corrupted data
PTB.TO
PTB.TO 52
XMHB.F
Series is missing recent data
INY
Series is missing recent data
OEUR
OEUR 55
UTIW.MI
Series is too short
JPHG.L
JPHG.L 57
EUN3.F
EUN3.F 58
ISAM.AS
Series is missing recent data
60PC.L
60PC.L 60
EL4F.DE
EL4F.DE 61
C053.SG
Series is missing recent data
SPYI.SG
Series is too short
LYMEH.SW
Series is too short
25524842.IR
Series is too short
EXSE.DE
EXSE.DE 66
GOVT.A
Series is too short
EXS1.F
EXS1.F 68
ZPDH.F
ZPDH.F 69
KWT.A
Series is too short
EL4D.BE
Series is too short
EMRD.L
EMRD.L 72
PWB
PWB 73
IUSY.MU
IUSY.MU 74
CBQ.TO
Series is missing recent data
XMEY.L
Series is missing recent data
US10.NX
Series is too short
^CDC
Series is too short
86881.L
Series is too short
3291273.SW
Series is too short
X014.DE
Series is too short
29088716.IR
Series is too short
DU13.DE
Series is missing recent data
18M0.SG
Series is too short
MLPC.A
Series is too short
ABE
Series is too short
UIMD.F
UIMD.F 87
SXR3.SG
Series is too short
DBZD.SG
Series is too short
GREK
GREK 90
SWEO_US38.ST
Series is too short
IVE.MX
Series has corrupted data
PYF.TO
PYF.TO 93
PSCT
PSCT 94
0DFQ.BE
Series is too short
0BYQ.MU
Series is missing recent data
X95581.TI
Series is too short
ETF data file created.
